Arguments: 
  C:\Program Files\nodejs\node.exe C:\Users\Matthew Wright\AppData\Roaming\npm\node_modules\yarn\bin\yarn.js start

PATH: 
  C:\Program Files\Git\mingw64\bin;C:\Program Files\Git\usr\bin;C:\Users\Matthew Wright\bin;C:\Program Files (x86)\Common Files\Oracle\Java\javapath;C:\Program Files (x86)\Intel\iCLS Client;C:\Program Files\Intel\iCLS Client;C:\WINDOWS\system32;C:\WINDOWS;C:\WINDOWS\System32\Wbem;C:\WINDOWS\System32\WindowsPowerShell\v1.0;C:\Program Files\Git\cmd;C:\Program Files (x86)\Intel\Intel(R) Management Engine Components\DAL;C:\Program Files\Intel\Intel(R) Management Engine Components\DAL;C:\Program Files (x86)\Intel\Intel(R) Management Engine Components\IPT;C:\Program Files\Intel\Intel(R) Management Engine Components\IPT;C:\Program Files\nodejs;C:\Program Files (x86)\MySQL\MySQL Utilities 1.6;C:\WINDOWS\System32\OpenSSH;C:\Program Files\Intel\WiFi\bin;C:\Program Files\Common Files\Intel\WirelessCommon;C:\Program Files\MongoDB\Server\3.6\bin;C:\Users\Matthew Wright\AppData\Local\Microsoft\WindowsApps;C:\Program Files\Heroku\bin;C:\Users\Matthew Wright\AppData\Local\GitHubDesktop\bin;C:\Program Files\Microsoft VS Code\bin;C:\Users\Matthew Wright\AppData\Local\Microsoft\WindowsApps;C:\Users\Matthew Wright\AppData\Roaming\npm;C:\Program Files\Java\jdk1.8.0_171\bin

Yarn version: 
  1.7.0

Node version: 
  8.11.0

Platform: 
  win32 x64

Trace: 
  SyntaxError: C:\Repos\mow-me\package.json: Unexpected end of JSON input
      at JSON.parse (<anonymous>)
      at C:\Users\Matthew Wright\AppData\Roaming\npm\node_modules\yarn\lib\cli.js:1130:59
      at Generator.next (<anonymous>)
      at step (C:\Users\Matthew Wright\AppData\Roaming\npm\node_modules\yarn\lib\cli.js:98:30)
      at C:\Users\Matthew Wright\AppData\Roaming\npm\node_modules\yarn\lib\cli.js:109:13
      at <anonymous>

npm manifest: 
  

yarn manifest: 
  No manifest

Lockfile: 
  # THIS IS AN AUTOGENERATED FILE. DO NOT EDIT THIS FILE DIRECTLY.
  # yarn lockfile v1
